<?xml version="1.0" encoding="UTF-8" ?>
<testsuite errors="14" failures="0" hostname="DESKTOP-12VHDVK" name="test.AreaCheckerTest" skipped="0" tests="14" time="0.072" timestamp="2020-06-19T17:15:23">
  <properties>
[...]
</properties>
  <testcase classname="test.AreaCheckerTest" name="checkWithPoint_RisNan_False" time="0.009">
    <error message="javax/persistence/Persistence" type="java.lang.NoClassDefFoundError">java.lang.NoClassDefFoundError: javax/persistence/Persistence
	at bean.AreaChecker.&lt;init&gt;(Unknown Source)
	at test.AreaCheckerTest.checkWithPoint_RisNan_False(Unknown Source)
	at java.base/jdk.internal.reflect.NativeMethodAccessorImpl.invoke0(Native Method)
	at java.base/jdk.internal.reflect.NativeMethodAccessorImpl.invoke(NativeMethodAccessorImpl.java:62)
	at java.base/jdk.internal.reflect.DelegatingMethodAccessorImpl.invoke(DelegatingMethodAccessorImpl.java:43)
	at java.base/jdk.internal.reflect.NativeMethodAccessorImpl.invoke0(Native Method)
	at java.base/jdk.internal.reflect.NativeMethodAccessorImpl.invoke(NativeMethodAccessorImpl.java:62)
	at java.base/jdk.internal.reflect.DelegatingMethodAccessorImpl.invoke(DelegatingMethodAccessorImpl.java:43)
	at java.base/jdk.internal.reflect.NativeMethodAccessorImpl.invoke0(Native Method)
	at java.base/jdk.internal.reflect.NativeMethodAccessorImpl.invoke(NativeMethodAccessorImpl.java:62)
	at java.base/jdk.internal.reflect.DelegatingMethodAccessorImpl.invoke(DelegatingMethodAccessorImpl.java:43)
	at com.intellij.rt.ant.execution.AntMain2.main(AntMain2.java:31)
Caused by: java.lang.ClassNotFoundException: javax.persistence.Persistence
	at java.base/java.lang.ClassLoader.loadClass(ClassLoader.java:522)
</error>
  </testcase>
  <testcase classname="test.AreaCheckerTest" name="checkWithPoint_AllZero_True" time="0.001">
    <error message="javax/persistence/Persistence" type="java.lang.NoClassDefFoundError">java.lang.NoClassDefFoundError: javax/persistence/Persistence
	at bean.AreaChecker.&lt;init&gt;(Unknown Source)
	at test.AreaCheckerTest.checkWithPoint_AllZero_True(Unknown Source)
	at java.base/jdk.internal.reflect.NativeMethodAccessorImpl.invoke0(Native Method)
	at java.base/jdk.internal.reflect.NativeMethodAccessorImpl.invoke(NativeMethodAccessorImpl.java:62)
	at java.base/jdk.internal.reflect.DelegatingMethodAccessorImpl.invoke(DelegatingMethodAccessorImpl.java:43)
	at java.base/jdk.internal.reflect.NativeMethodAccessorImpl.invoke0(Native Method)
	at java.base/jdk.internal.reflect.NativeMethodAccessorImpl.invoke(NativeMethodAccessorImpl.java:62)
	at java.base/jdk.internal.reflect.DelegatingMethodAccessorImpl.invoke(DelegatingMethodAccessorImpl.java:43)
	at java.base/jdk.internal.reflect.NativeMethodAccessorImpl.invoke0(Native Method)
	at java.base/jdk.internal.reflect.NativeMethodAccessorImpl.invoke(NativeMethodAccessorImpl.java:62)
	at java.base/jdk.internal.reflect.DelegatingMethodAccessorImpl.invoke(DelegatingMethodAccessorImpl.java:43)
	at com.intellij.rt.ant.execution.AntMain2.main(AntMain2.java:31)
</error>
  </testcase>
  <testcase classname="test.AreaCheckerTest" name="checkWithPoint_checkBorderHitWhenXandYLessThanR_falseForArea1ElseTrue" time="0.0">
    <error message="javax/persistence/Persistence" type="java.lang.NoClassDefFoundError">java.lang.NoClassDefFoundError: javax/persistence/Persistence
	at bean.AreaChecker.&lt;init&gt;(Unknown Source)
	at test.AreaCheckerTest.checkWithPoint_checkBorderHitWhenXandYLessThanR_falseForArea1ElseTrue(Unknown Source)
	at java.base/jdk.internal.reflect.NativeMethodAccessorImpl.invoke0(Native Method)
	at java.base/jdk.internal.reflect.NativeMethodAccessorImpl.invoke(NativeMethodAccessorImpl.java:62)
	at java.base/jdk.internal.reflect.DelegatingMethodAccessorImpl.invoke(DelegatingMethodAccessorImpl.java:43)
	at java.base/jdk.internal.reflect.NativeMethodAccessorImpl.invoke0(Native Method)
	at java.base/jdk.internal.reflect.NativeMethodAccessorImpl.invoke(NativeMethodAccessorImpl.java:62)
	at java.base/jdk.internal.reflect.DelegatingMethodAccessorImpl.invoke(DelegatingMethodAccessorImpl.java:43)
	at java.base/jdk.internal.reflect.NativeMethodAccessorImpl.invoke0(Native Method)
	at java.base/jdk.internal.reflect.NativeMethodAccessorImpl.invoke(NativeMethodAccessorImpl.java:62)
	at java.base/jdk.internal.reflect.DelegatingMethodAccessorImpl.invoke(DelegatingMethodAccessorImpl.java:43)
	at com.intellij.rt.ant.execution.AntMain2.main(AntMain2.java:31)
</error>
  </testcase>
  <testcase classname="test.AreaCheckerTest" name="checkWithPoint_YisNull_NullPointerException" time="0.001">
    <error message="Unexpected exception, expected&lt;java.lang.NullPointerException&gt; but was&lt;java.lang.NoClassDefFoundError&gt;" type="java.lang.Exception">java.lang.Exception: Unexpected exception, expected&lt;java.lang.NullPointerException&gt; but was&lt;java.lang.NoClassDefFoundError&gt;
	at java.base/jdk.internal.reflect.NativeMethodAccessorImpl.invoke0(Native Method)
	at java.base/jdk.internal.reflect.NativeMethodAccessorImpl.invoke(NativeMethodAccessorImpl.java:62)
	at java.base/jdk.internal.reflect.DelegatingMethodAccessorImpl.invoke(DelegatingMethodAccessorImpl.java:43)
	at java.base/jdk.internal.reflect.NativeMethodAccessorImpl.invoke0(Native Method)
	at java.base/jdk.internal.reflect.NativeMethodAccessorImpl.invoke(NativeMethodAccessorImpl.java:62)
	at java.base/jdk.internal.reflect.DelegatingMethodAccessorImpl.invoke(DelegatingMethodAccessorImpl.java:43)
	at com.intellij.rt.ant.execution.AntMain2.main(AntMain2.java:31)
Caused by: java.lang.NoClassDefFoundError: javax/persistence/Persistence
	at bean.AreaChecker.&lt;init&gt;(Unknown Source)
	at test.AreaCheckerTest.checkWithPoint_YisNull_NullPointerException(Unknown Source)
	at java.base/jdk.internal.reflect.NativeMethodAccessorImpl.invoke0(Native Method)
	at java.base/jdk.internal.reflect.NativeMethodAccessorImpl.invoke(NativeMethodAccessorImpl.java:62)
	at java.base/jdk.internal.reflect.DelegatingMethodAccessorImpl.invoke(DelegatingMethodAccessorImpl.java:43)
</error>
  </testcase>
  <testcase classname="test.AreaCheckerTest" name="checkWithPoint_XorYisInfinity_False" time="0.0">
    <error message="javax/persistence/Persistence" type="java.lang.NoClassDefFoundError">java.lang.NoClassDefFoundError: javax/persistence/Persistence
	at bean.AreaChecker.&lt;init&gt;(Unknown Source)
	at test.AreaCheckerTest.checkWithPoint_XorYisInfinity_False(Unknown Source)
	at java.base/jdk.internal.reflect.NativeMethodAccessorImpl.invoke0(Native Method)
	at java.base/jdk.internal.reflect.NativeMethodAccessorImpl.invoke(NativeMethodAccessorImpl.java:62)
	at java.base/jdk.internal.reflect.DelegatingMethodAccessorImpl.invoke(DelegatingMethodAccessorImpl.java:43)
	at java.base/jdk.internal.reflect.NativeMethodAccessorImpl.invoke0(Native Method)
	at java.base/jdk.internal.reflect.NativeMethodAccessorImpl.invoke(NativeMethodAccessorImpl.java:62)
	at java.base/jdk.internal.reflect.DelegatingMethodAccessorImpl.invoke(DelegatingMethodAccessorImpl.java:43)
	at java.base/jdk.internal.reflect.NativeMethodAccessorImpl.invoke0(Native Method)
	at java.base/jdk.internal.reflect.NativeMethodAccessorImpl.invoke(NativeMethodAccessorImpl.java:62)
	at java.base/jdk.internal.reflect.DelegatingMethodAccessorImpl.invoke(DelegatingMethodAccessorImpl.java:43)
	at com.intellij.rt.ant.execution.AntMain2.main(AntMain2.java:31)
</error>
  </testcase>
  <testcase classname="test.AreaCheckerTest" name="checkWithPoint_RisInfinity_IfIn1AreaFalseElseTrue" time="0.002">
    <error message="javax/persistence/Persistence" type="java.lang.NoClassDefFoundError">java.lang.NoClassDefFoundError: javax/persistence/Persistence
	at bean.AreaChecker.&lt;init&gt;(Unknown Source)
	at test.AreaCheckerTest.checkWithPoint_RisInfinity_IfIn1AreaFalseElseTrue(Unknown Source)
	at java.base/jdk.internal.reflect.NativeMethodAccessorImpl.invoke0(Native Method)
	at java.base/jdk.internal.reflect.NativeMethodAccessorImpl.invoke(NativeMethodAccessorImpl.java:62)
	at java.base/jdk.internal.reflect.DelegatingMethodAccessorImpl.invoke(DelegatingMethodAccessorImpl.java:43)
	at java.base/jdk.internal.reflect.NativeMethodAccessorImpl.invoke0(Native Method)
	at java.base/jdk.internal.reflect.NativeMethodAccessorImpl.invoke(NativeMethodAccessorImpl.java:62)
	at java.base/jdk.internal.reflect.DelegatingMethodAccessorImpl.invoke(DelegatingMethodAccessorImpl.java:43)
	at java.base/jdk.internal.reflect.NativeMethodAccessorImpl.invoke0(Native Method)
	at java.base/jdk.internal.reflect.NativeMethodAccessorImpl.invoke(NativeMethodAccessorImpl.java:62)
	at java.base/jdk.internal.reflect.DelegatingMethodAccessorImpl.invoke(DelegatingMethodAccessorImpl.java:43)
	at com.intellij.rt.ant.execution.AntMain2.main(AntMain2.java:31)
</error>
  </testcase>
  <testcase classname="test.AreaCheckerTest" name="checkWithPoint_XisNull_NullPointerException" time="0.002">
    <error message="Unexpected exception, expected&lt;java.lang.NullPointerException&gt; but was&lt;java.lang.NoClassDefFoundError&gt;" type="java.lang.Exception">java.lang.Exception: Unexpected exception, expected&lt;java.lang.NullPointerException&gt; but was&lt;java.lang.NoClassDefFoundError&gt;
	at java.base/jdk.internal.reflect.NativeMethodAccessorImpl.invoke0(Native Method)
	at java.base/jdk.internal.reflect.NativeMethodAccessorImpl.invoke(NativeMethodAccessorImpl.java:62)
	at java.base/jdk.internal.reflect.DelegatingMethodAccessorImpl.invoke(DelegatingMethodAccessorImpl.java:43)
	at java.base/jdk.internal.reflect.NativeMethodAccessorImpl.invoke0(Native Method)
	at java.base/jdk.internal.reflect.NativeMethodAccessorImpl.invoke(NativeMethodAccessorImpl.java:62)
	at java.base/jdk.internal.reflect.DelegatingMethodAccessorImpl.invoke(DelegatingMethodAccessorImpl.java:43)
	at com.intellij.rt.ant.execution.AntMain2.main(AntMain2.java:31)
Caused by: java.lang.NoClassDefFoundError: javax/persistence/Persistence
	at bean.AreaChecker.&lt;init&gt;(Unknown Source)
	at test.AreaCheckerTest.checkWithPoint_XisNull_NullPointerException(Unknown Source)
	at java.base/jdk.internal.reflect.NativeMethodAccessorImpl.invoke0(Native Method)
	at java.base/jdk.internal.reflect.NativeMethodAccessorImpl.invoke(NativeMethodAccessorImpl.java:62)
	at java.base/jdk.internal.reflect.DelegatingMethodAccessorImpl.invoke(DelegatingMethodAccessorImpl.java:43)
</error>
  </testcase>
  <testcase classname="test.AreaCheckerTest" name="checkWithPoint_checkHitWhenXandYMoreThanR_falseForAll" time="0.0">
    <error message="javax/persistence/Persistence" type="java.lang.NoClassDefFoundError">java.lang.NoClassDefFoundError: javax/persistence/Persistence
	at bean.AreaChecker.&lt;init&gt;(Unknown Source)
	at test.AreaCheckerTest.checkWithPoint_checkHitWhenXandYMoreThanR_falseForAll(Unknown Source)
	at java.base/jdk.internal.reflect.NativeMethodAccessorImpl.invoke0(Native Method)
	at java.base/jdk.internal.reflect.NativeMethodAccessorImpl.invoke(NativeMethodAccessorImpl.java:62)
	at java.base/jdk.internal.reflect.DelegatingMethodAccessorImpl.invoke(DelegatingMethodAccessorImpl.java:43)
	at java.base/jdk.internal.reflect.NativeMethodAccessorImpl.invoke0(Native Method)
	at java.base/jdk.internal.reflect.NativeMethodAccessorImpl.invoke(NativeMethodAccessorImpl.java:62)
	at java.base/jdk.internal.reflect.DelegatingMethodAccessorImpl.invoke(DelegatingMethodAccessorImpl.java:43)
	at java.base/jdk.internal.reflect.NativeMethodAccessorImpl.invoke0(Native Method)
	at java.base/jdk.internal.reflect.NativeMethodAccessorImpl.invoke(NativeMethodAccessorImpl.java:62)
	at java.base/jdk.internal.reflect.DelegatingMethodAccessorImpl.invoke(DelegatingMethodAccessorImpl.java:43)
	at com.intellij.rt.ant.execution.AntMain2.main(AntMain2.java:31)
</error>
  </testcase>
  <testcase classname="test.AreaCheckerTest" name="checkWithPoint_RisNegative_False" time="0.0">
    <error message="javax/persistence/Persistence" type="java.lang.NoClassDefFoundError">java.lang.NoClassDefFoundError: javax/persistence/Persistence
	at bean.AreaChecker.&lt;init&gt;(Unknown Source)
	at test.AreaCheckerTest.checkWithPoint_RisNegative_False(Unknown Source)
	at java.base/jdk.internal.reflect.NativeMethodAccessorImpl.invoke0(Native Method)
	at java.base/jdk.internal.reflect.NativeMethodAccessorImpl.invoke(NativeMethodAccessorImpl.java:62)
	at java.base/jdk.internal.reflect.DelegatingMethodAccessorImpl.invoke(DelegatingMethodAccessorImpl.java:43)
	at java.base/jdk.internal.reflect.NativeMethodAccessorImpl.invoke0(Native Method)
	at java.base/jdk.internal.reflect.NativeMethodAccessorImpl.invoke(NativeMethodAccessorImpl.java:62)
	at java.base/jdk.internal.reflect.DelegatingMethodAccessorImpl.invoke(DelegatingMethodAccessorImpl.java:43)
	at java.base/jdk.internal.reflect.NativeMethodAccessorImpl.invoke0(Native Method)
	at java.base/jdk.internal.reflect.NativeMethodAccessorImpl.invoke(NativeMethodAccessorImpl.java:62)
	at java.base/jdk.internal.reflect.DelegatingMethodAccessorImpl.invoke(DelegatingMethodAccessorImpl.java:43)
	at com.intellij.rt.ant.execution.AntMain2.main(AntMain2.java:31)
</error>
  </testcase>
  <testcase classname="test.AreaCheckerTest" name="checkWithPoint_RisNull_NullPointerException" time="0.001">
    <error message="Unexpected exception, expected&lt;java.lang.NullPointerException&gt; but was&lt;java.lang.NoClassDefFoundError&gt;" type="java.lang.Exception">java.lang.Exception: Unexpected exception, expected&lt;java.lang.NullPointerException&gt; but was&lt;java.lang.NoClassDefFoundError&gt;
	at java.base/jdk.internal.reflect.NativeMethodAccessorImpl.invoke0(Native Method)
	at java.base/jdk.internal.reflect.NativeMethodAccessorImpl.invoke(NativeMethodAccessorImpl.java:62)
	at java.base/jdk.internal.reflect.DelegatingMethodAccessorImpl.invoke(DelegatingMethodAccessorImpl.java:43)
	at java.base/jdk.internal.reflect.NativeMethodAccessorImpl.invoke0(Native Method)
	at java.base/jdk.internal.reflect.NativeMethodAccessorImpl.invoke(NativeMethodAccessorImpl.java:62)
	at java.base/jdk.internal.reflect.DelegatingMethodAccessorImpl.invoke(DelegatingMethodAccessorImpl.java:43)
	at com.intellij.rt.ant.execution.AntMain2.main(AntMain2.java:31)
Caused by: java.lang.NoClassDefFoundError: javax/persistence/Persistence
	at bean.AreaChecker.&lt;init&gt;(Unknown Source)
	at test.AreaCheckerTest.checkWithPoint_RisNull_NullPointerException(Unknown Source)
	at java.base/jdk.internal.reflect.NativeMethodAccessorImpl.invoke0(Native Method)
	at java.base/jdk.internal.reflect.NativeMethodAccessorImpl.invoke(NativeMethodAccessorImpl.java:62)
	at java.base/jdk.internal.reflect.DelegatingMethodAccessorImpl.invoke(DelegatingMethodAccessorImpl.java:43)
</error>
  </testcase>
  <testcase classname="test.AreaCheckerTest" name="checkWithPoint_checkHitWhenXandYLessThanR_trueForAllExcept1Area" time="0.001">
    <error message="javax/persistence/Persistence" type="java.lang.NoClassDefFoundError">java.lang.NoClassDefFoundError: javax/persistence/Persistence
	at bean.AreaChecker.&lt;init&gt;(Unknown Source)
	at test.AreaCheckerTest.checkWithPoint_checkHitWhenXandYLessThanR_trueForAllExcept1Area(Unknown Source)
	at java.base/jdk.internal.reflect.NativeMethodAccessorImpl.invoke0(Native Method)
	at java.base/jdk.internal.reflect.NativeMethodAccessorImpl.invoke(NativeMethodAccessorImpl.java:62)
	at java.base/jdk.internal.reflect.DelegatingMethodAccessorImpl.invoke(DelegatingMethodAccessorImpl.java:43)
	at java.base/jdk.internal.reflect.NativeMethodAccessorImpl.invoke0(Native Method)
	at java.base/jdk.internal.reflect.NativeMethodAccessorImpl.invoke(NativeMethodAccessorImpl.java:62)
	at java.base/jdk.internal.reflect.DelegatingMethodAccessorImpl.invoke(DelegatingMethodAccessorImpl.java:43)
	at java.base/jdk.internal.reflect.NativeMethodAccessorImpl.invoke0(Native Method)
	at java.base/jdk.internal.reflect.NativeMethodAccessorImpl.invoke(NativeMethodAccessorImpl.java:62)
	at java.base/jdk.internal.reflect.DelegatingMethodAccessorImpl.invoke(DelegatingMethodAccessorImpl.java:43)
	at com.intellij.rt.ant.execution.AntMain2.main(AntMain2.java:31)
</error>
  </testcase>
  <testcase classname="test.AreaCheckerTest" name="checkWithPoint_checkBorderHitWhenXandYMoreThanR_falseForArea1ElseTrue" time="0.001">
    <error message="javax/persistence/Persistence" type="java.lang.NoClassDefFoundError">java.lang.NoClassDefFoundError: javax/persistence/Persistence
	at bean.AreaChecker.&lt;init&gt;(Unknown Source)
	at test.AreaCheckerTest.checkWithPoint_checkBorderHitWhenXandYMoreThanR_falseForArea1ElseTrue(Unknown Source)
	at java.base/jdk.internal.reflect.NativeMethodAccessorImpl.invoke0(Native Method)
	at java.base/jdk.internal.reflect.NativeMethodAccessorImpl.invoke(NativeMethodAccessorImpl.java:62)
	at java.base/jdk.internal.reflect.DelegatingMethodAccessorImpl.invoke(DelegatingMethodAccessorImpl.java:43)
	at java.base/jdk.internal.reflect.NativeMethodAccessorImpl.invoke0(Native Method)
	at java.base/jdk.internal.reflect.NativeMethodAccessorImpl.invoke(NativeMethodAccessorImpl.java:62)
	at java.base/jdk.internal.reflect.DelegatingMethodAccessorImpl.invoke(DelegatingMethodAccessorImpl.java:43)
	at java.base/jdk.internal.reflect.NativeMethodAccessorImpl.invoke0(Native Method)
	at java.base/jdk.internal.reflect.NativeMethodAccessorImpl.invoke(NativeMethodAccessorImpl.java:62)
	at java.base/jdk.internal.reflect.DelegatingMethodAccessorImpl.invoke(DelegatingMethodAccessorImpl.java:43)
	at com.intellij.rt.ant.execution.AntMain2.main(AntMain2.java:31)
</error>
  </testcase>
  <testcase classname="test.AreaCheckerTest" name="checkWithPoint_XorYisNan_False" time="0.001">
    <error message="javax/persistence/Persistence" type="java.lang.NoClassDefFoundError">java.lang.NoClassDefFoundError: javax/persistence/Persistence
	at bean.AreaChecker.&lt;init&gt;(Unknown Source)
	at test.AreaCheckerTest.checkWithPoint_XorYisNan_False(Unknown Source)
	at java.base/jdk.internal.reflect.NativeMethodAccessorImpl.invoke0(Native Method)
	at java.base/jdk.internal.reflect.NativeMethodAccessorImpl.invoke(NativeMethodAccessorImpl.java:62)
	at java.base/jdk.internal.reflect.DelegatingMethodAccessorImpl.invoke(DelegatingMethodAccessorImpl.java:43)
	at java.base/jdk.internal.reflect.NativeMethodAccessorImpl.invoke0(Native Method)
	at java.base/jdk.internal.reflect.NativeMethodAccessorImpl.invoke(NativeMethodAccessorImpl.java:62)
	at java.base/jdk.internal.reflect.DelegatingMethodAccessorImpl.invoke(DelegatingMethodAccessorImpl.java:43)
	at java.base/jdk.internal.reflect.NativeMethodAccessorImpl.invoke0(Native Method)
	at java.base/jdk.internal.reflect.NativeMethodAccessorImpl.invoke(NativeMethodAccessorImpl.java:62)
	at java.base/jdk.internal.reflect.DelegatingMethodAccessorImpl.invoke(DelegatingMethodAccessorImpl.java:43)
	at com.intellij.rt.ant.execution.AntMain2.main(AntMain2.java:31)
</error>
  </testcase>
  <testcase classname="test.AreaCheckerTest" name="checkWithPoint_RisZero_False" time="0.001">
    <error message="javax/persistence/Persistence" type="java.lang.NoClassDefFoundError">java.lang.NoClassDefFoundError: javax/persistence/Persistence
	at bean.AreaChecker.&lt;init&gt;(Unknown Source)
	at test.AreaCheckerTest.checkWithPoint_RisZero_False(Unknown Source)
	at java.base/jdk.internal.reflect.NativeMethodAccessorImpl.invoke0(Native Method)
	at java.base/jdk.internal.reflect.NativeMethodAccessorImpl.invoke(NativeMethodAccessorImpl.java:62)
	at java.base/jdk.internal.reflect.DelegatingMethodAccessorImpl.invoke(DelegatingMethodAccessorImpl.java:43)
	at java.base/jdk.internal.reflect.NativeMethodAccessorImpl.invoke0(Native Method)
	at java.base/jdk.internal.reflect.NativeMethodAccessorImpl.invoke(NativeMethodAccessorImpl.java:62)
	at java.base/jdk.internal.reflect.DelegatingMethodAccessorImpl.invoke(DelegatingMethodAccessorImpl.java:43)
	at java.base/jdk.internal.reflect.NativeMethodAccessorImpl.invoke0(Native Method)
	at java.base/jdk.internal.reflect.NativeMethodAccessorImpl.invoke(NativeMethodAccessorImpl.java:62)
	at java.base/jdk.internal.reflect.DelegatingMethodAccessorImpl.invoke(DelegatingMethodAccessorImpl.java:43)
	at com.intellij.rt.ant.execution.AntMain2.main(AntMain2.java:31)
</error>
  </testcase>
  <system-out><![CDATA[]]></system-out>
  <system-err><![CDATA[]]></system-err>
</testsuite>
